<?xml version="1.0" encoding="UTF-8"?>
<!-- Generated by org.testng.reporters.JUnitXMLReporter -->
<testsuite ignored="0" hostname="Suresh" failures="0" tests="3" name="Submit Order Test" time="40.276" errors="0" timestamp="23 Mar 2024 17:55:11 GMT">
  <testcase classname="rupsapanda.tests.SubmitOrderTest" name="submitOrder" time="7.394"/>
  <testcase classname="rupsapanda.tests.SubmitOrderTest" name="submitOrder" time="7.448"/>
  <testcase classname="rupsapanda.tests.SubmitOrderTest" name="OrderHistoryTest" time="6.259"/>
</testsuite> <!-- Submit Order Test -->
