<?xml version="1.0" encoding="UTF-8"?>
<!-- Generated by org.testng.reporters.JUnitXMLReporter -->
<testsuite ignored="1" hostname="Suresh" failures="0" tests="1" name="Error Validation Test" time="4.389" errors="0" timestamp="16 Mar 2024 23:08:40 GMT">
  <testcase classname="rupsapanda.tests.ErrorValidationTest" name="LoginErrorValidation" time="0.784"/>
  <testcase classname="rupsapanda.tests.ErrorValidationTest" name="ProductErrorValidation" time="0.0">
    <ignored/>
  </testcase> <!-- ProductErrorValidation -->
</testsuite> <!-- Error Validation Test -->
