<?xml version="1.0" encoding="UTF-8"?>
<testng-results ignored="0" total="2" passed="2" failed="0" skipped="0">
  <reporter-output>
  </reporter-output>
  <suite started-at="2024-03-23T18:05:20Z" name="Default suite" finished-at="2024-03-23T18:05:34Z" duration-ms="13483">
    <groups>
      <group name="ErrorHandling">
        <method signature="ErrorValidationTest.LoginErrorValidation()[pri:0, instance:rupsapanda.tests.ErrorValidationTest@141e5bef]" name="LoginErrorValidation" class="rupsapanda.tests.ErrorValidationTest"/>
      </group> <!-- ErrorHandling -->
    </groups>
    <test started-at="2024-03-23T18:05:20Z" name="Default test" finished-at="2024-03-23T18:05:34Z" duration-ms="13483">
      <class name="rupsapanda.tests.ErrorValidationTest">
        <test-method is-config="true" signature="launchApplication()[pri:0, instance:rupsapanda.tests.ErrorValidationTest@141e5bef]" started-at="2024-03-23T18:05:20Z" name="launchApplication" finished-at="2024-03-23T18:05:26Z" duration-ms="5908" status="PASS">
          <reporter-output>
          </reporter-output>
        </test-method> <!-- launchApplication -->
        <test-method signature="LoginErrorValidation()[pri:0, instance:rupsapanda.tests.ErrorValidationTest@141e5bef]" started-at="2024-03-23T18:05:26Z" name="LoginErrorValidation" finished-at="2024-03-23T18:05:27Z" duration-ms="787" status="PASS">
          <reporter-output>
          </reporter-output>
        </test-method> <!-- LoginErrorValidation -->
        <test-method is-config="true" signature="tearDown()[pri:0, instance:rupsapanda.tests.ErrorValidationTest@141e5bef]" started-at="2024-03-23T18:05:27Z" name="tearDown" finished-at="2024-03-23T18:05:27Z" duration-ms="148" status="PASS">
          <reporter-output>
          </reporter-output>
        </test-method> <!-- tearDown -->
        <test-method is-config="true" signature="launchApplication()[pri:0, instance:rupsapanda.tests.ErrorValidationTest@141e5bef]" started-at="2024-03-23T18:05:27Z" name="launchApplication" finished-at="2024-03-23T18:05:31Z" duration-ms="3544" status="PASS">
          <reporter-output>
          </reporter-output>
        </test-method> <!-- launchApplication -->
        <test-method signature="ProductErrorValidation()[pri:0, instance:rupsapanda.tests.ErrorValidationTest@141e5bef]" started-at="2024-03-23T18:05:31Z" name="ProductErrorValidation" finished-at="2024-03-23T18:05:34Z" duration-ms="2943" status="PASS">
          <reporter-output>
          </reporter-output>
        </test-method> <!-- ProductErrorValidation -->
        <test-method is-config="true" signature="tearDown()[pri:0, instance:rupsapanda.tests.ErrorValidationTest@141e5bef]" started-at="2024-03-23T18:05:34Z" name="tearDown" finished-at="2024-03-23T18:05:34Z" duration-ms="134" status="PASS">
          <reporter-output>
          </reporter-output>
        </test-method> <!-- tearDown -->
      </class> <!-- rupsapanda.tests.ErrorValidationTest -->
    </test> <!-- Default test -->
  </suite> <!-- Default suite -->
</testng-results>
